{"level":"error","message":"Cannot read properties of null (reading 'content')","method":"getGOGGame","url":"https://freegogpcgames.com/27802/abaddon-princess-of-the-decay/"}
{"level":"error","message":"Cannot read properties of undefined (reading 'textContent')","method":"getNewRepacksFromCPG"}
{"level":"error","message":"Cannot read properties of null (reading 'content')","method":"getGOGGame","url":"https://freegogpcgames.com/29184/ad-infinitum/"}
{"level":"error","message":"Cannot read properties of null (reading 'content')","method":"getGOGGame","url":"https://freegogpcgames.com/28244/afterdream/"}
{"level":"error","message":"Cannot read properties of null (reading 'content')","method":"getGOGGame","url":"https://freegogpcgames.com/27718/airborne-ranger/"}
{"level":"error","message":"Cannot read properties of null (reading 'content')","method":"getGOGGame","url":"https://freegogpcgames.com/27970/alice-escaped/"}
{"level":"error","message":"Cannot read properties of null (reading 'content')","method":"getGOGGame","url":"https://freegogpcgames.com/29382/alone-in-the-dark/"}
{"level":"error","message":"Cannot read properties of null (reading 'content')","method":"getGOGGame","url":"https://freegogpcgames.com/29353/alpha-protocol/"}
{"level":"error","message":"Cannot read properties of null (reading 'content')","method":"getGOGGame","url":"https://freegogpcgames.com/26817/alt-frequencies/"}
{"level":"error","message":"Cannot read properties of null (reading 'href')","method":"getGOGGame","url":"https://freegogpcgames.com/3254/ancestors-legacy-special-edition/"}
{"level":"error","message":"Cannot read properties of null (reading 'content')","method":"getGOGGame","url":"https://freegogpcgames.com/28792/anodyne/"}
{"level":"error","message":"Cannot read properties of null (reading 'content')","method":"getGOGGame","url":"https://freegogpcgames.com/29633/arcade-tycoon-simulation-game/"}
{"level":"error","message":"Cannot read properties of null (reading 'content')","method":"getGOGGame","url":"https://freegogpcgames.com/28126/arena-renovation/"}
{"level":"error","message":"Cannot read properties of null (reading 'content')","method":"getGOGGame","url":"https://freegogpcgames.com/27737/ariels-daily-grind/"}
{"level":"error","message":"Cannot read properties of null (reading 'content')","method":"getGOGGame","url":"https://freegogpcgames.com/29642/asterix-obelix-slap-them-all-2/"}
{"level":"error","message":"Cannot read properties of null (reading 'content')","method":"getGOGGame","url":"https://freegogpcgames.com/29251/as-dusk-falls/"}
{"level":"error","message":"Cannot read properties of null (reading 'content')","method":"getGOGGame","url":"https://freegogpcgames.com/27902/axe-cop/"}
{"level":"error","message":"Cannot read properties of null (reading 'content')","method":"getGOGGame","url":"https://freegogpcgames.com/27749/a-long-journey-to-an-uncertain-end/"}
{"level":"error","message":"Cannot read properties of null (reading 'content')","method":"getGOGGame","url":"https://freegogpcgames.com/27741/a-maiden-astrologer-divines-the-future/"}
{"level":"error","message":"Cannot read properties of null (reading 'content')","method":"getGOGGame","url":"https://freegogpcgames.com/28938/a-night-at-the-watermill/"}
{"level":"error","message":"Cannot read properties of null (reading 'content')","method":"getGOGGame","url":"https://freegogpcgames.com/28685/a-tale-of-two-kingdoms/"}
{"level":"error","message":"Cannot read properties of null (reading 'content')","method":"getGOGGame","url":"https://freegogpcgames.com/29277/a-void-hope/"}
{"level":"error","message":"Cannot read properties of null (reading 'content')","method":"getGOGGame","url":"https://freegogpcgames.com/28476/a-whisper-in-the-twilight-chapter-one/"}
{"level":"error","message":"Cannot read properties of null (reading 'href')","method":"getGOGGame","url":"https://freegogpcgames.com/6723/bad-dream-fever/"}
{"level":"error","message":"Cannot read properties of null (reading 'href')","method":"getGOGGame","url":"https://freegogpcgames.com/1894/1-baldurs-gate-siege-of-dragonspear/"}
{"level":"error","message":"Cannot read properties of null (reading 'content')","method":"getGOGGame","url":"https://freegogpcgames.com/28754/ballance/"}
{"level":"error","message":"Cannot read properties of null (reading 'content')","method":"getGOGGame","url":"https://freegogpcgames.com/29158/bandle-tale-a-league-of-legends-story/"}
{"level":"error","message":"Cannot read properties of null (reading 'content')","method":"getGOGGame","url":"https://freegogpcgames.com/28266/bang-on-balls-chronicles/"}
{"level":"error","message":"Cannot read properties of null (reading 'content')","method":"getGOGGame","url":"https://freegogpcgames.com/27528/batora-lost-haven/"}
{"level":"error","message":"Cannot read properties of null (reading 'content')","method":"getGOGGame","url":"https://freegogpcgames.com/29058/batsugun/"}
{"level":"error","message":"Cannot read properties of null (reading 'content')","method":"getGOGGame","url":"https://freegogpcgames.com/26819/before-i-forget/"}
{"level":"error","message":"Cannot read properties of null (reading 'content')","method":"getGOGGame","url":"https://freegogpcgames.com/26434/before-we-leave/"}
{"level":"error","message":"Cannot read properties of null (reading 'content')","method":"getGOGGame","url":"https://freegogpcgames.com/26646/belial-red-unrated/"}
{"level":"error","message":"Cannot read properties of null (reading 'content')","method":"getGOGGame","url":"https://freegogpcgames.com/27827/betrayer/"}
{"level":"error","message":"Cannot read properties of null (reading 'content')","method":"getGOGGame","url":"https://freegogpcgames.com/28234/beyond-two-souls/"}
{"level":"error","message":"Cannot read properties of null (reading 'content')","method":"getGOGGame","url":"https://freegogpcgames.com/29165/bilkins-folly/"}
{"level":"error","message":"Cannot read properties of null (reading 'content')","method":"getGOGGame","url":"https://freegogpcgames.com/29325/black-forest/"}
{"level":"error","message":"Cannot read properties of null (reading 'content')","method":"getGOGGame","url":"https://freegogpcgames.com/26468/blade-assault/"}
{"level":"error","message":"Cannot read properties of null (reading 'content')","method":"getGOGGame","url":"https://freegogpcgames.com/28498/boiling-point-road-to-hell/"}
{"level":"error","message":"Cannot read properties of null (reading 'content')","method":"getGOGGame","url":"https://freegogpcgames.com/26301/boom-blaster/"}
{"level":"error","message":"Cannot read properties of null (reading 'content')","method":"getGOGGame","url":"https://freegogpcgames.com/28763/booze-masters-freezing-moonshine/"}
{"level":"error","message":"Cannot read properties of null (reading 'content')","method":"getGOGGame","url":"https://freegogpcgames.com/29686/boti-byteland-overclocked/"}
{"level":"error","message":"Cannot read properties of null (reading 'content')","method":"getGOGGame","url":"https://freegogpcgames.com/27678/bread-fred/"}
{"level":"error","message":"Cannot read properties of null (reading 'content')","method":"getGOGGame","url":"https://freegogpcgames.com/27732/breakout-recharged/"}
{"level":"error","message":"Cannot read properties of undefined (reading 'textContent')","method":"getNewRepacksFromCPG"}
{"level":"error","message":"Cannot read properties of null (reading 'content')","method":"getGOGGame","url":"https://freegogpcgames.com/27802/abaddon-princess-of-the-decay/"}
{"level":"error","message":"Cannot read properties of null (reading 'content')","method":"getGOGGame","url":"https://freegogpcgames.com/29184/ad-infinitum/"}
{"level":"error","message":"Cannot read properties of null (reading 'content')","method":"getGOGGame","url":"https://freegogpcgames.com/28244/afterdream/"}
{"level":"error","message":"Cannot read properties of null (reading 'content')","method":"getGOGGame","url":"https://freegogpcgames.com/27718/airborne-ranger/"}
{"level":"error","message":"Cannot read properties of null (reading 'content')","method":"getGOGGame","url":"https://freegogpcgames.com/27970/alice-escaped/"}
{"level":"error","message":"Cannot read properties of null (reading 'content')","method":"getGOGGame","url":"https://freegogpcgames.com/29382/alone-in-the-dark/"}
{"level":"error","message":"Cannot read properties of null (reading 'content')","method":"getGOGGame","url":"https://freegogpcgames.com/29353/alpha-protocol/"}
{"level":"error","message":"Cannot read properties of null (reading 'content')","method":"getGOGGame","url":"https://freegogpcgames.com/26817/alt-frequencies/"}
{"level":"error","message":"Cannot read properties of null (reading 'href')","method":"getGOGGame","url":"https://freegogpcgames.com/3254/ancestors-legacy-special-edition/"}
{"level":"error","message":"Cannot read properties of null (reading 'content')","method":"getGOGGame","url":"https://freegogpcgames.com/28792/anodyne/"}
{"level":"error","message":"Cannot read properties of null (reading 'content')","method":"getGOGGame","url":"https://freegogpcgames.com/29633/arcade-tycoon-simulation-game/"}
{"level":"error","message":"Cannot read properties of null (reading 'content')","method":"getGOGGame","url":"https://freegogpcgames.com/28126/arena-renovation/"}
{"level":"error","message":"Cannot read properties of null (reading 'content')","method":"getGOGGame","url":"https://freegogpcgames.com/27737/ariels-daily-grind/"}
{"level":"error","message":"Cannot read properties of null (reading 'content')","method":"getGOGGame","url":"https://freegogpcgames.com/29642/asterix-obelix-slap-them-all-2/"}
{"level":"error","message":"Cannot read properties of null (reading 'content')","method":"getGOGGame","url":"https://freegogpcgames.com/29251/as-dusk-falls/"}
{"level":"error","message":"Cannot read properties of null (reading 'content')","method":"getGOGGame","url":"https://freegogpcgames.com/27902/axe-cop/"}
{"level":"error","message":"Cannot read properties of null (reading 'content')","method":"getGOGGame","url":"https://freegogpcgames.com/27749/a-long-journey-to-an-uncertain-end/"}
{"level":"error","message":"Cannot read properties of null (reading 'content')","method":"getGOGGame","url":"https://freegogpcgames.com/27741/a-maiden-astrologer-divines-the-future/"}
{"level":"error","message":"Cannot read properties of null (reading 'content')","method":"getGOGGame","url":"https://freegogpcgames.com/28938/a-night-at-the-watermill/"}
{"level":"error","message":"Cannot read properties of null (reading 'content')","method":"getGOGGame","url":"https://freegogpcgames.com/28685/a-tale-of-two-kingdoms/"}
{"level":"error","message":"Cannot read properties of null (reading 'content')","method":"getGOGGame","url":"https://freegogpcgames.com/29277/a-void-hope/"}
{"level":"error","message":"Cannot read properties of null (reading 'content')","method":"getGOGGame","url":"https://freegogpcgames.com/28476/a-whisper-in-the-twilight-chapter-one/"}
{"level":"error","message":"Cannot read properties of null (reading 'href')","method":"getGOGGame","url":"https://freegogpcgames.com/6723/bad-dream-fever/"}
{"level":"error","message":"Cannot read properties of null (reading 'href')","method":"getGOGGame","url":"https://freegogpcgames.com/1894/1-baldurs-gate-siege-of-dragonspear/"}
{"level":"error","message":"Cannot read properties of null (reading 'content')","method":"getGOGGame","url":"https://freegogpcgames.com/28754/ballance/"}
{"level":"error","message":"Cannot read properties of null (reading 'content')","method":"getGOGGame","url":"https://freegogpcgames.com/29158/bandle-tale-a-league-of-legends-story/"}
{"level":"error","message":"Cannot read properties of null (reading 'content')","method":"getGOGGame","url":"https://freegogpcgames.com/28266/bang-on-balls-chronicles/"}
{"level":"error","message":"Cannot read properties of null (reading 'content')","method":"getGOGGame","url":"https://freegogpcgames.com/27528/batora-lost-haven/"}
{"level":"error","message":"Cannot read properties of null (reading 'content')","method":"getGOGGame","url":"https://freegogpcgames.com/29058/batsugun/"}
{"level":"error","message":"Cannot read properties of null (reading 'content')","method":"getGOGGame","url":"https://freegogpcgames.com/26819/before-i-forget/"}
{"level":"error","message":"Cannot read properties of null (reading 'content')","method":"getGOGGame","url":"https://freegogpcgames.com/26434/before-we-leave/"}
{"level":"error","message":"Cannot read properties of null (reading 'content')","method":"getGOGGame","url":"https://freegogpcgames.com/26646/belial-red-unrated/"}
{"level":"error","message":"Cannot read properties of null (reading 'content')","method":"getGOGGame","url":"https://freegogpcgames.com/27827/betrayer/"}
{"level":"error","message":"Cannot read properties of null (reading 'content')","method":"getGOGGame","url":"https://freegogpcgames.com/28234/beyond-two-souls/"}
{"level":"error","message":"Cannot read properties of null (reading 'content')","method":"getGOGGame","url":"https://freegogpcgames.com/29165/bilkins-folly/"}
{"level":"error","message":"Cannot read properties of null (reading 'content')","method":"getGOGGame","url":"https://freegogpcgames.com/29325/black-forest/"}
{"level":"error","message":"Cannot read properties of null (reading 'content')","method":"getGOGGame","url":"https://freegogpcgames.com/26468/blade-assault/"}
{"level":"error","message":"Cannot read properties of null (reading 'content')","method":"getGOGGame","url":"https://freegogpcgames.com/28498/boiling-point-road-to-hell/"}
{"level":"error","message":"Cannot read properties of null (reading 'content')","method":"getGOGGame","url":"https://freegogpcgames.com/26301/boom-blaster/"}
{"level":"error","message":"Cannot read properties of null (reading 'content')","method":"getGOGGame","url":"https://freegogpcgames.com/28763/booze-masters-freezing-moonshine/"}
{"level":"error","message":"Cannot read properties of null (reading 'content')","method":"getGOGGame","url":"https://freegogpcgames.com/29686/boti-byteland-overclocked/"}
{"level":"error","message":"Cannot read properties of null (reading 'content')","method":"getGOGGame","url":"https://freegogpcgames.com/27678/bread-fred/"}
{"level":"error","message":"Cannot read properties of null (reading 'content')","method":"getGOGGame","url":"https://freegogpcgames.com/27732/breakout-recharged/"}
{"level":"error","message":"Cannot read properties of null (reading 'content')","method":"getGOGGame","url":"https://freegogpcgames.com/28320/brigand-gold/"}
{"level":"error","message":"Cannot read properties of null (reading 'content')","method":"getGOGGame","url":"https://freegogpcgames.com/27794/bucket-knight/"}
{"level":"error","message":"Cannot read properties of null (reading 'content')","method":"getGOGGame","url":"https://freegogpcgames.com/26700/buddy-simulator-1984/"}
{"level":"error","message":"Cannot read properties of null (reading 'content')","method":"getGOGGame","url":"https://freegogpcgames.com/28264/burnhouse-lane/"}
{"level":"error","message":"Cannot read properties of null (reading 'content')","method":"getGOGGame","url":"https://freegogpcgames.com/27815/bus-driver-simulator/"}
{"level":"error","message":"Cannot read properties of null (reading 'content')","method":"getGOGGame","url":"https://freegogpcgames.com/29077/bus-world/"}
{"level":"error","message":"Cannot read properties of null (reading 'content')","method":"getGOGGame","url":"https://freegogpcgames.com/29222/canine/"}
{"level":"error","message":"Cannot read properties of null (reading 'content')","method":"getGOGGame","url":"https://freegogpcgames.com/28687/cats-hidden-in-bali/"}
{"level":"error","message":"Cannot read properties of null (reading 'content')","method":"getGOGGame","url":"https://freegogpcgames.com/29406/cats-hidden-in-georgia/"}
{"level":"error","message":"Cannot read properties of null (reading 'content')","method":"getGOGGame","url":"https://freegogpcgames.com/28689/cats-hidden-in-italy/"}
{"level":"error","message":"Cannot read properties of null (reading 'content')","method":"getGOGGame","url":"https://freegogpcgames.com/28693/cats-hidden-in-paris/"}
{"level":"error","message":"Cannot read properties of null (reading 'content')","method":"getGOGGame","url":"https://freegogpcgames.com/29323/cavern-of-dreams/"}
{"level":"error","message":"Cannot read properties of null (reading 'content')","method":"getGOGGame","url":"https://freegogpcgames.com/29644/chihiro-himukai-always-walks-away/"}
{"level":"error","message":"Cannot read properties of null (reading 'content')","method":"getGOGGame","url":"https://freegogpcgames.com/26481/chronicon-complete/"}
{"level":"error","message":"Cannot read properties of null (reading 'content')","method":"getGOGGame","url":"https://freegogpcgames.com/27855/cities-in-motion/"}
{"level":"error","message":"Cannot read properties of null (reading 'content')","method":"getGOGGame","url":"https://freegogpcgames.com/27139/city-of-beats/"}
{"level":"error","message":"Cannot read properties of null (reading 'content')","method":"getGOGGame","url":"https://freegogpcgames.com/29186/clash-artifacts-of-chaos/"}
{"level":"error","message":"Cannot read properties of null (reading 'content')","method":"getGOGGame","url":"https://freegogpcgames.com/27849/class-of-09/"}
{"level":"error","message":"Cannot read properties of null (reading 'content')","method":"getGOGGame","url":"https://freegogpcgames.com/29095/clem/"}
{"level":"error","message":"Cannot read properties of undefined (reading 'textContent')","method":"getNewRepacksFromCPG"}
{"level":"error","message":"Cannot read properties of null (reading 'content')","method":"getGOGGame","url":"https://freegogpcgames.com/27802/abaddon-princess-of-the-decay/"}
{"level":"error","message":"Cannot read properties of null (reading 'content')","method":"getGOGGame","url":"https://freegogpcgames.com/29184/ad-infinitum/"}
{"level":"error","message":"Cannot read properties of null (reading 'content')","method":"getGOGGame","url":"https://freegogpcgames.com/28244/afterdream/"}
{"level":"error","message":"Cannot read properties of null (reading 'content')","method":"getGOGGame","url":"https://freegogpcgames.com/27718/airborne-ranger/"}
{"level":"error","message":"Cannot read properties of null (reading 'content')","method":"getGOGGame","url":"https://freegogpcgames.com/27970/alice-escaped/"}
{"level":"error","message":"Cannot read properties of null (reading 'content')","method":"getGOGGame","url":"https://freegogpcgames.com/29382/alone-in-the-dark/"}
{"level":"error","message":"Cannot read properties of null (reading 'content')","method":"getGOGGame","url":"https://freegogpcgames.com/29353/alpha-protocol/"}
{"level":"error","message":"Cannot read properties of null (reading 'content')","method":"getGOGGame","url":"https://freegogpcgames.com/26817/alt-frequencies/"}
{"level":"error","message":"Cannot read properties of null (reading 'href')","method":"getGOGGame","url":"https://freegogpcgames.com/3254/ancestors-legacy-special-edition/"}
{"level":"error","message":"Cannot read properties of null (reading 'content')","method":"getGOGGame","url":"https://freegogpcgames.com/28792/anodyne/"}
{"level":"error","message":"Cannot read properties of null (reading 'content')","method":"getGOGGame","url":"https://freegogpcgames.com/29633/arcade-tycoon-simulation-game/"}
{"level":"error","message":"Cannot read properties of null (reading 'content')","method":"getGOGGame","url":"https://freegogpcgames.com/28126/arena-renovation/"}
{"level":"error","message":"Cannot read properties of null (reading 'content')","method":"getGOGGame","url":"https://freegogpcgames.com/27737/ariels-daily-grind/"}
{"level":"error","message":"Cannot read properties of null (reading 'content')","method":"getGOGGame","url":"https://freegogpcgames.com/29642/asterix-obelix-slap-them-all-2/"}
{"level":"error","message":"Cannot read properties of null (reading 'content')","method":"getGOGGame","url":"https://freegogpcgames.com/29251/as-dusk-falls/"}
{"level":"error","message":"Cannot read properties of null (reading 'content')","method":"getGOGGame","url":"https://freegogpcgames.com/27902/axe-cop/"}
{"level":"error","message":"Cannot read properties of null (reading 'content')","method":"getGOGGame","url":"https://freegogpcgames.com/27749/a-long-journey-to-an-uncertain-end/"}
{"level":"error","message":"Cannot read properties of null (reading 'content')","method":"getGOGGame","url":"https://freegogpcgames.com/27741/a-maiden-astrologer-divines-the-future/"}
{"level":"error","message":"Cannot read properties of null (reading 'content')","method":"getGOGGame","url":"https://freegogpcgames.com/28938/a-night-at-the-watermill/"}
{"level":"error","message":"Cannot read properties of null (reading 'content')","method":"getGOGGame","url":"https://freegogpcgames.com/28685/a-tale-of-two-kingdoms/"}
{"level":"error","message":"Cannot read properties of null (reading 'content')","method":"getGOGGame","url":"https://freegogpcgames.com/29277/a-void-hope/"}
{"level":"error","message":"Cannot read properties of null (reading 'content')","method":"getGOGGame","url":"https://freegogpcgames.com/28476/a-whisper-in-the-twilight-chapter-one/"}
{"level":"error","message":"Cannot read properties of null (reading 'href')","method":"getGOGGame","url":"https://freegogpcgames.com/6723/bad-dream-fever/"}
{"level":"error","message":"Cannot read properties of null (reading 'href')","method":"getGOGGame","url":"https://freegogpcgames.com/1894/1-baldurs-gate-siege-of-dragonspear/"}
{"level":"error","message":"Cannot read properties of null (reading 'content')","method":"getGOGGame","url":"https://freegogpcgames.com/28754/ballance/"}
{"level":"error","message":"Cannot read properties of null (reading 'content')","method":"getGOGGame","url":"https://freegogpcgames.com/29158/bandle-tale-a-league-of-legends-story/"}
{"level":"error","message":"Cannot read properties of null (reading 'content')","method":"getGOGGame","url":"https://freegogpcgames.com/28266/bang-on-balls-chronicles/"}
{"level":"error","message":"Cannot read properties of null (reading 'content')","method":"getGOGGame","url":"https://freegogpcgames.com/27528/batora-lost-haven/"}
{"level":"error","message":"Cannot read properties of null (reading 'content')","method":"getGOGGame","url":"https://freegogpcgames.com/29058/batsugun/"}
{"level":"error","message":"Cannot read properties of null (reading 'content')","method":"getGOGGame","url":"https://freegogpcgames.com/26819/before-i-forget/"}
{"level":"error","message":"Cannot read properties of null (reading 'content')","method":"getGOGGame","url":"https://freegogpcgames.com/26434/before-we-leave/"}
{"level":"error","message":"Cannot read properties of null (reading 'content')","method":"getGOGGame","url":"https://freegogpcgames.com/26646/belial-red-unrated/"}
{"level":"error","message":"Cannot read properties of null (reading 'content')","method":"getGOGGame","url":"https://freegogpcgames.com/27827/betrayer/"}
{"level":"error","message":"Cannot read properties of null (reading 'content')","method":"getGOGGame","url":"https://freegogpcgames.com/28234/beyond-two-souls/"}
{"level":"error","message":"Cannot read properties of null (reading 'content')","method":"getGOGGame","url":"https://freegogpcgames.com/29165/bilkins-folly/"}
{"level":"error","message":"Cannot read properties of null (reading 'content')","method":"getGOGGame","url":"https://freegogpcgames.com/29325/black-forest/"}
{"level":"error","message":"Cannot read properties of null (reading 'content')","method":"getGOGGame","url":"https://freegogpcgames.com/26468/blade-assault/"}
{"level":"error","message":"Cannot read properties of null (reading 'content')","method":"getGOGGame","url":"https://freegogpcgames.com/28498/boiling-point-road-to-hell/"}
{"level":"error","message":"Cannot read properties of null (reading 'content')","method":"getGOGGame","url":"https://freegogpcgames.com/26301/boom-blaster/"}
{"level":"error","message":"Cannot read properties of null (reading 'content')","method":"getGOGGame","url":"https://freegogpcgames.com/28763/booze-masters-freezing-moonshine/"}
{"level":"error","message":"Cannot read properties of null (reading 'content')","method":"getGOGGame","url":"https://freegogpcgames.com/29686/boti-byteland-overclocked/"}
{"level":"error","message":"Cannot read properties of null (reading 'content')","method":"getGOGGame","url":"https://freegogpcgames.com/27678/bread-fred/"}
{"level":"error","message":"Cannot read properties of null (reading 'content')","method":"getGOGGame","url":"https://freegogpcgames.com/27732/breakout-recharged/"}
{"level":"error","message":"Cannot read properties of null (reading 'content')","method":"getGOGGame","url":"https://freegogpcgames.com/28320/brigand-gold/"}
{"level":"error","message":"Cannot read properties of null (reading 'content')","method":"getGOGGame","url":"https://freegogpcgames.com/27794/bucket-knight/"}
{"level":"error","message":"Cannot read properties of null (reading 'content')","method":"getGOGGame","url":"https://freegogpcgames.com/26700/buddy-simulator-1984/"}
{"level":"error","message":"Cannot read properties of null (reading 'content')","method":"getGOGGame","url":"https://freegogpcgames.com/28264/burnhouse-lane/"}
{"level":"error","message":"Cannot read properties of null (reading 'content')","method":"getGOGGame","url":"https://freegogpcgames.com/27815/bus-driver-simulator/"}
{"level":"error","message":"Cannot read properties of null (reading 'content')","method":"getGOGGame","url":"https://freegogpcgames.com/29077/bus-world/"}
{"level":"error","message":"Cannot read properties of null (reading 'content')","method":"getGOGGame","url":"https://freegogpcgames.com/29222/canine/"}
{"level":"error","message":"Cannot read properties of null (reading 'content')","method":"getGOGGame","url":"https://freegogpcgames.com/28687/cats-hidden-in-bali/"}
{"level":"error","message":"Cannot read properties of null (reading 'content')","method":"getGOGGame","url":"https://freegogpcgames.com/29406/cats-hidden-in-georgia/"}
{"level":"error","message":"Cannot read properties of null (reading 'content')","method":"getGOGGame","url":"https://freegogpcgames.com/28689/cats-hidden-in-italy/"}
{"level":"error","message":"Cannot read properties of null (reading 'content')","method":"getGOGGame","url":"https://freegogpcgames.com/28693/cats-hidden-in-paris/"}
{"level":"error","message":"Cannot read properties of null (reading 'content')","method":"getGOGGame","url":"https://freegogpcgames.com/29323/cavern-of-dreams/"}
{"level":"error","message":"Cannot read properties of null (reading 'content')","method":"getGOGGame","url":"https://freegogpcgames.com/29644/chihiro-himukai-always-walks-away/"}
{"level":"error","message":"Cannot read properties of null (reading 'content')","method":"getGOGGame","url":"https://freegogpcgames.com/26481/chronicon-complete/"}
{"level":"error","message":"Cannot read properties of null (reading 'content')","method":"getGOGGame","url":"https://freegogpcgames.com/27855/cities-in-motion/"}
{"level":"error","message":"Cannot read properties of null (reading 'content')","method":"getGOGGame","url":"https://freegogpcgames.com/27139/city-of-beats/"}
{"level":"error","message":"Cannot read properties of null (reading 'content')","method":"getGOGGame","url":"https://freegogpcgames.com/29186/clash-artifacts-of-chaos/"}
{"level":"error","message":"Cannot read properties of null (reading 'content')","method":"getGOGGame","url":"https://freegogpcgames.com/27849/class-of-09/"}
{"level":"error","message":"Cannot read properties of null (reading 'content')","method":"getGOGGame","url":"https://freegogpcgames.com/29095/clem/"}
{"level":"error","message":"Cannot read properties of null (reading 'content')","method":"getGOGGame","url":"https://freegogpcgames.com/28478/cloud-gardens/"}
{"level":"error","message":"Cannot read properties of null (reading 'content')","method":"getGOGGame","url":"https://freegogpcgames.com/26325/clouzy/"}
{"level":"error","message":"Cannot read properties of null (reading 'content')","method":"getGOGGame","url":"https://freegogpcgames.com/27910/cook-serve-delicious-2/"}
{"level":"error","message":"Cannot read properties of null (reading 'content')","method":"getGOGGame","url":"https://freegogpcgames.com/28419/costume-quest-2/"}
{"level":"error","message":"Cannot read properties of null (reading 'content')","method":"getGOGGame","url":"https://freegogpcgames.com/27792/country-bumpkin-yutaka/"}
{"level":"error","message":"Cannot read properties of null (reading 'content')","method":"getGOGGame","url":"https://freegogpcgames.com/27869/cramped-room-of-death/"}
{"level":"error","message":"Cannot read properties of null (reading 'content')","method":"getGOGGame","url":"https://freegogpcgames.com/28368/creepy-tale-3-ingrid-penance/"}
{"level":"error","message":"Cannot read properties of null (reading 'content')","method":"getGOGGame","url":"https://freegogpcgames.com/28492/crime-oclock/"}
{"level":"error","message":"Cannot read properties of null (reading 'content')","method":"getGOGGame","url":"https://freegogpcgames.com/29177/cross-tails/"}
{"level":"error","message":"Cannot read properties of null (reading 'content')","method":"getGOGGame","url":"https://freegogpcgames.com/29741/cryptmaster/"}
{"level":"error","message":"Cannot read properties of null (reading 'content')","method":"getGOGGame","url":"https://freegogpcgames.com/28268/cyber-mission/"}
{"level":"error","message":"Cannot read properties of null (reading 'content')","method":"getGOGGame","url":"https://freegogpcgames.com/27778/cyclones/"}
{"level":"error","message":"Cannot read properties of null (reading 'href')","method":"getGOGGame","url":"https://freegogpcgames.com/1557/dark-reign-rise-of-the-shadowhand/"}
{"level":"error","message":"Cannot read properties of null (reading 'content')","method":"getGOGGame","url":"https://freegogpcgames.com/26729/dark-rift/"}
{"level":"error","message":"Cannot read properties of null (reading 'content')","method":"getGOGGame","url":"https://freegogpcgames.com/28549/death-roads-tournament/"}
{"level":"error","message":"Cannot read properties of null (reading 'content')","method":"getGOGGame","url":"https://freegogpcgames.com/27159/death-track-resurrection/"}
{"level":"error","message":"Cannot read properties of null (reading 'content')","method":"getGOGGame","url":"https://freegogpcgames.com/28246/decarnation/"}
{"level":"error","message":"Cannot read properties of null (reading 'content')","method":"getGOGGame","url":"https://freegogpcgames.com/28270/demon-turf-neon-splash/"}
{"level":"error","message":"Cannot read properties of null (reading 'content')","method":"getGOGGame","url":"https://freegogpcgames.com/27100/desert-law/"}
{"level":"error","message":"Cannot read properties of null (reading 'content')","method":"getGOGGame","url":"https://freegogpcgames.com/26856/de-exit-eternal-matters/"}
{"level":"error","message":"Cannot read properties of null (reading 'content')","method":"getGOGGame","url":"https://freegogpcgames.com/27802/abaddon-princess-of-the-decay/"}
{"level":"error","message":"Cannot read properties of undefined (reading 'textContent')","method":"getNewRepacksFromCPG"}
{"level":"error","message":"Cannot read properties of null (reading 'content')","method":"getGOGGame","url":"https://freegogpcgames.com/29184/ad-infinitum/"}
{"level":"error","message":"Cannot read properties of null (reading 'content')","method":"getGOGGame","url":"https://freegogpcgames.com/28244/afterdream/"}
{"level":"error","message":"Cannot read properties of null (reading 'content')","method":"getGOGGame","url":"https://freegogpcgames.com/27718/airborne-ranger/"}
{"level":"error","message":"Cannot read properties of null (reading 'content')","method":"getGOGGame","url":"https://freegogpcgames.com/27970/alice-escaped/"}
{"level":"error","message":"Cannot read properties of null (reading 'content')","method":"getGOGGame","url":"https://freegogpcgames.com/29382/alone-in-the-dark/"}
{"level":"error","message":"Cannot read properties of null (reading 'content')","method":"getGOGGame","url":"https://freegogpcgames.com/29353/alpha-protocol/"}
{"level":"error","message":"Cannot read properties of null (reading 'content')","method":"getGOGGame","url":"https://freegogpcgames.com/26817/alt-frequencies/"}
{"level":"error","message":"Cannot read properties of null (reading 'href')","method":"getGOGGame","url":"https://freegogpcgames.com/3254/ancestors-legacy-special-edition/"}
{"level":"error","message":"Cannot read properties of null (reading 'content')","method":"getGOGGame","url":"https://freegogpcgames.com/28792/anodyne/"}
{"level":"error","message":"Cannot read properties of null (reading 'content')","method":"getGOGGame","url":"https://freegogpcgames.com/29633/arcade-tycoon-simulation-game/"}
{"level":"error","message":"Cannot read properties of null (reading 'content')","method":"getGOGGame","url":"https://freegogpcgames.com/28126/arena-renovation/"}
{"level":"error","message":"Cannot read properties of null (reading 'content')","method":"getGOGGame","url":"https://freegogpcgames.com/27737/ariels-daily-grind/"}
{"level":"error","message":"Cannot read properties of null (reading 'content')","method":"getGOGGame","url":"https://freegogpcgames.com/29642/asterix-obelix-slap-them-all-2/"}
{"level":"error","message":"Cannot read properties of null (reading 'content')","method":"getGOGGame","url":"https://freegogpcgames.com/29251/as-dusk-falls/"}
{"level":"error","message":"Cannot read properties of null (reading 'content')","method":"getGOGGame","url":"https://freegogpcgames.com/27902/axe-cop/"}
{"level":"error","message":"Cannot read properties of null (reading 'content')","method":"getGOGGame","url":"https://freegogpcgames.com/27749/a-long-journey-to-an-uncertain-end/"}
{"level":"error","message":"Cannot read properties of null (reading 'content')","method":"getGOGGame","url":"https://freegogpcgames.com/27741/a-maiden-astrologer-divines-the-future/"}
{"level":"error","message":"Cannot read properties of null (reading 'content')","method":"getGOGGame","url":"https://freegogpcgames.com/28938/a-night-at-the-watermill/"}
{"level":"error","message":"Cannot read properties of null (reading 'content')","method":"getGOGGame","url":"https://freegogpcgames.com/28685/a-tale-of-two-kingdoms/"}
{"level":"error","message":"Cannot read properties of null (reading 'content')","method":"getGOGGame","url":"https://freegogpcgames.com/29277/a-void-hope/"}
{"level":"error","message":"Cannot read properties of null (reading 'content')","method":"getGOGGame","url":"https://freegogpcgames.com/28476/a-whisper-in-the-twilight-chapter-one/"}
{"level":"error","message":"Cannot read properties of null (reading 'href')","method":"getGOGGame","url":"https://freegogpcgames.com/6723/bad-dream-fever/"}
{"level":"error","message":"Cannot read properties of null (reading 'href')","method":"getGOGGame","url":"https://freegogpcgames.com/1894/1-baldurs-gate-siege-of-dragonspear/"}
{"level":"error","message":"Cannot read properties of null (reading 'content')","method":"getGOGGame","url":"https://freegogpcgames.com/28754/ballance/"}
{"level":"error","message":"Cannot read properties of null (reading 'content')","method":"getGOGGame","url":"https://freegogpcgames.com/29158/bandle-tale-a-league-of-legends-story/"}
{"level":"error","message":"Cannot read properties of null (reading 'content')","method":"getGOGGame","url":"https://freegogpcgames.com/28266/bang-on-balls-chronicles/"}
{"level":"error","message":"Cannot read properties of null (reading 'content')","method":"getGOGGame","url":"https://freegogpcgames.com/27528/batora-lost-haven/"}
{"level":"error","message":"Cannot read properties of null (reading 'content')","method":"getGOGGame","url":"https://freegogpcgames.com/29058/batsugun/"}
{"level":"error","message":"Cannot read properties of null (reading 'content')","method":"getGOGGame","url":"https://freegogpcgames.com/26819/before-i-forget/"}
{"level":"error","message":"Cannot read properties of null (reading 'content')","method":"getGOGGame","url":"https://freegogpcgames.com/26434/before-we-leave/"}
{"level":"error","message":"Cannot read properties of null (reading 'content')","method":"getGOGGame","url":"https://freegogpcgames.com/26646/belial-red-unrated/"}
{"level":"error","message":"Cannot read properties of null (reading 'content')","method":"getGOGGame","url":"https://freegogpcgames.com/27827/betrayer/"}
{"level":"error","message":"Cannot read properties of null (reading 'content')","method":"getGOGGame","url":"https://freegogpcgames.com/28234/beyond-two-souls/"}
{"level":"error","message":"Cannot read properties of null (reading 'content')","method":"getGOGGame","url":"https://freegogpcgames.com/29165/bilkins-folly/"}
{"level":"error","message":"Cannot read properties of null (reading 'content')","method":"getGOGGame","url":"https://freegogpcgames.com/29325/black-forest/"}
{"level":"error","message":"Cannot read properties of null (reading 'content')","method":"getGOGGame","url":"https://freegogpcgames.com/26468/blade-assault/"}
{"level":"error","message":"Cannot read properties of null (reading 'content')","method":"getGOGGame","url":"https://freegogpcgames.com/28498/boiling-point-road-to-hell/"}
{"level":"error","message":"Cannot read properties of null (reading 'content')","method":"getGOGGame","url":"https://freegogpcgames.com/26301/boom-blaster/"}
{"level":"error","message":"Cannot read properties of null (reading 'content')","method":"getGOGGame","url":"https://freegogpcgames.com/28763/booze-masters-freezing-moonshine/"}
{"level":"error","message":"Cannot read properties of null (reading 'content')","method":"getGOGGame","url":"https://freegogpcgames.com/29686/boti-byteland-overclocked/"}
{"level":"error","message":"Cannot read properties of null (reading 'content')","method":"getGOGGame","url":"https://freegogpcgames.com/27678/bread-fred/"}
{"level":"error","message":"Cannot read properties of null (reading 'content')","method":"getGOGGame","url":"https://freegogpcgames.com/27732/breakout-recharged/"}
{"level":"error","message":"Cannot read properties of null (reading 'content')","method":"getGOGGame","url":"https://freegogpcgames.com/28320/brigand-gold/"}
{"level":"error","message":"Cannot read properties of null (reading 'content')","method":"getGOGGame","url":"https://freegogpcgames.com/27794/bucket-knight/"}
{"level":"error","message":"Cannot read properties of null (reading 'content')","method":"getGOGGame","url":"https://freegogpcgames.com/26700/buddy-simulator-1984/"}
{"level":"error","message":"Cannot read properties of null (reading 'content')","method":"getGOGGame","url":"https://freegogpcgames.com/28264/burnhouse-lane/"}
{"level":"error","message":"Cannot read properties of null (reading 'content')","method":"getGOGGame","url":"https://freegogpcgames.com/27815/bus-driver-simulator/"}
{"level":"error","message":"Cannot read properties of null (reading 'content')","method":"getGOGGame","url":"https://freegogpcgames.com/29077/bus-world/"}
{"level":"error","message":"Cannot read properties of null (reading 'content')","method":"getGOGGame","url":"https://freegogpcgames.com/29222/canine/"}
{"level":"error","message":"Cannot read properties of null (reading 'content')","method":"getGOGGame","url":"https://freegogpcgames.com/28687/cats-hidden-in-bali/"}
{"level":"error","message":"Cannot read properties of null (reading 'content')","method":"getGOGGame","url":"https://freegogpcgames.com/29406/cats-hidden-in-georgia/"}
{"level":"error","message":"Cannot read properties of null (reading 'content')","method":"getGOGGame","url":"https://freegogpcgames.com/28689/cats-hidden-in-italy/"}
{"level":"error","message":"Cannot read properties of null (reading 'content')","method":"getGOGGame","url":"https://freegogpcgames.com/28693/cats-hidden-in-paris/"}
{"level":"error","message":"Cannot read properties of null (reading 'content')","method":"getGOGGame","url":"https://freegogpcgames.com/29323/cavern-of-dreams/"}
{"level":"error","message":"Cannot read properties of null (reading 'content')","method":"getGOGGame","url":"https://freegogpcgames.com/29644/chihiro-himukai-always-walks-away/"}
{"level":"error","message":"Cannot read properties of null (reading 'content')","method":"getGOGGame","url":"https://freegogpcgames.com/26481/chronicon-complete/"}
{"level":"error","message":"Cannot read properties of null (reading 'content')","method":"getGOGGame","url":"https://freegogpcgames.com/27855/cities-in-motion/"}
{"level":"error","message":"Cannot read properties of null (reading 'content')","method":"getGOGGame","url":"https://freegogpcgames.com/27139/city-of-beats/"}
{"level":"error","message":"Cannot read properties of null (reading 'content')","method":"getGOGGame","url":"https://freegogpcgames.com/29186/clash-artifacts-of-chaos/"}
{"level":"error","message":"Cannot read properties of null (reading 'content')","method":"getGOGGame","url":"https://freegogpcgames.com/27849/class-of-09/"}
{"level":"error","message":"Cannot read properties of null (reading 'content')","method":"getGOGGame","url":"https://freegogpcgames.com/29095/clem/"}
{"level":"error","message":"Cannot read properties of null (reading 'content')","method":"getGOGGame","url":"https://freegogpcgames.com/28478/cloud-gardens/"}
{"level":"error","message":"Cannot read properties of null (reading 'content')","method":"getGOGGame","url":"https://freegogpcgames.com/26325/clouzy/"}
{"level":"error","message":"Cannot read properties of null (reading 'content')","method":"getGOGGame","url":"https://freegogpcgames.com/27910/cook-serve-delicious-2/"}
{"level":"error","message":"Cannot read properties of null (reading 'content')","method":"getGOGGame","url":"https://freegogpcgames.com/28419/costume-quest-2/"}
{"level":"error","message":"Cannot read properties of null (reading 'content')","method":"getGOGGame","url":"https://freegogpcgames.com/27792/country-bumpkin-yutaka/"}
{"level":"error","message":"Cannot read properties of null (reading 'content')","method":"getGOGGame","url":"https://freegogpcgames.com/27869/cramped-room-of-death/"}
{"level":"error","message":"Cannot read properties of null (reading 'content')","method":"getGOGGame","url":"https://freegogpcgames.com/28368/creepy-tale-3-ingrid-penance/"}
{"level":"error","message":"Cannot read properties of null (reading 'content')","method":"getGOGGame","url":"https://freegogpcgames.com/28492/crime-oclock/"}
{"level":"error","message":"Cannot read properties of null (reading 'content')","method":"getGOGGame","url":"https://freegogpcgames.com/29177/cross-tails/"}
{"level":"error","message":"Cannot read properties of null (reading 'content')","method":"getGOGGame","url":"https://freegogpcgames.com/29741/cryptmaster/"}
{"level":"error","message":"Cannot read properties of null (reading 'content')","method":"getGOGGame","url":"https://freegogpcgames.com/28268/cyber-mission/"}
{"level":"error","message":"Cannot read properties of null (reading 'content')","method":"getGOGGame","url":"https://freegogpcgames.com/27778/cyclones/"}
{"level":"error","message":"Cannot read properties of null (reading 'href')","method":"getGOGGame","url":"https://freegogpcgames.com/1557/dark-reign-rise-of-the-shadowhand/"}
{"level":"error","message":"Cannot read properties of null (reading 'content')","method":"getGOGGame","url":"https://freegogpcgames.com/26729/dark-rift/"}
{"level":"error","message":"Cannot read properties of null (reading 'content')","method":"getGOGGame","url":"https://freegogpcgames.com/28549/death-roads-tournament/"}
{"level":"error","message":"Cannot read properties of null (reading 'content')","method":"getGOGGame","url":"https://freegogpcgames.com/27159/death-track-resurrection/"}
{"level":"error","message":"Cannot read properties of null (reading 'content')","method":"getGOGGame","url":"https://freegogpcgames.com/28246/decarnation/"}
{"level":"error","message":"Cannot read properties of null (reading 'content')","method":"getGOGGame","url":"https://freegogpcgames.com/28270/demon-turf-neon-splash/"}
{"level":"error","message":"Cannot read properties of null (reading 'content')","method":"getGOGGame","url":"https://freegogpcgames.com/27100/desert-law/"}
{"level":"error","message":"Cannot read properties of null (reading 'content')","method":"getGOGGame","url":"https://freegogpcgames.com/26856/de-exit-eternal-matters/"}
{"level":"error","message":"Cannot read properties of null (reading 'href')","method":"getGOGGame","url":"https://freegogpcgames.com/1014/1-dont-starve-alone-pack/"}
{"level":"error","message":"Cannot read properties of null (reading 'href')","method":"getGOGGame","url":"https://freegogpcgames.com/1012/dont-starve-reign-of-giants/"}
{"level":"error","message":"Cannot read properties of null (reading 'content')","method":"getGOGGame","url":"https://freegogpcgames.com/27516/doomblade/"}
{"level":"error","message":"Cannot read properties of null (reading 'content')","method":"getGOGGame","url":"https://freegogpcgames.com/26972/doomed-lands/"}
{"level":"error","message":"Cannot read properties of null (reading 'content')","method":"getGOGGame","url":"https://freegogpcgames.com/27908/doors-paradox/"}
{"level":"error","message":"Cannot read properties of null (reading 'content')","method":"getGOGGame","url":"https://freegogpcgames.com/29718/drain-mansion/"}
{"level":"error","message":"Cannot read properties of null (reading 'content')","method":"getGOGGame","url":"https://freegogpcgames.com/29443/dread-x-collection/"}
{"level":"error","message":"Cannot read properties of null (reading 'content')","method":"getGOGGame","url":"https://freegogpcgames.com/29390/dread-x-collection-2/"}
{"level":"error","message":"Cannot read properties of null (reading 'content')","method":"getGOGGame","url":"https://freegogpcgames.com/29392/dread-x-collection-3/"}
{"level":"error","message":"Cannot read properties of null (reading 'content')","method":"getGOGGame","url":"https://freegogpcgames.com/29364/dread-x-collection-5/"}
{"level":"error","message":"Cannot read properties of null (reading 'content')","method":"getGOGGame","url":"https://freegogpcgames.com/29394/dread-x-collection-the-hunt/"}
{"level":"error","message":"Cannot read properties of null (reading 'content')","method":"getGOGGame","url":"https://freegogpcgames.com/29042/dreamcutter/"}
{"level":"error","message":"Cannot read properties of null (reading 'content')","method":"getGOGGame","url":"https://freegogpcgames.com/27904/dros/"}
{"level":"error","message":"Cannot read properties of null (reading 'content')","method":"getGOGGame","url":"https://freegogpcgames.com/27697/dr-fetus-mean-meat-machine/"}
{"level":"error","message":"Cannot read properties of null (reading 'content')","method":"getGOGGame","url":"https://freegogpcgames.com/29082/dungeon-of-the-endless/"}
{"level":"error","message":"Cannot read properties of null (reading 'href')","method":"getGOGGame","url":"https://freegogpcgames.com/526/2-dying-light-the-following-enhanced-edition/"}
{"level":"error","message":"Cannot read properties of null (reading 'content')","method":"getGOGGame","url":"https://freegogpcgames.com/27985/earthx/"}
{"level":"error","message":"Cannot read properties of null (reading 'content')","method":"getGOGGame","url":"https://freegogpcgames.com/27774/electrician-simulator/"}
{"level":"error","message":"Cannot read properties of null (reading 'content')","method":"getGOGGame","url":"https://freegogpcgames.com/27339/elypse/"}
{"level":"error","message":"Cannot read properties of null (reading 'content')","method":"getGOGGame","url":"https://freegogpcgames.com/28668/el-paso-elsewhere/"}
{"level":"error","message":"Cannot read properties of null (reading 'content')","method":"getGOGGame","url":"https://freegogpcgames.com/26835/empire-of-the-ants-2000/"}
{"level":"error","message":"Cannot read properties of null (reading 'content')","method":"getGOGGame","url":"https://freegogpcgames.com/27728/endless-space-definitive-edition/"}
{"level":"error","message":"Cannot read properties of null (reading 'content')","method":"getGOGGame","url":"https://freegogpcgames.com/28812/en-garde/"}
{"level":"error","message":"Cannot read properties of null (reading 'content')","method":"getGOGGame","url":"https://freegogpcgames.com/26436/epic-chef/"}
{"level":"error","message":"Cannot read properties of null (reading 'content')","method":"getGOGGame","url":"https://freegogpcgames.com/27712/euphoria-supreme-mechanics/"}
{"level":"error","message":"Cannot read properties of null (reading 'content')","method":"getGOGGame","url":"https://freegogpcgames.com/28223/farlanders/"}
{"level":"error","message":"Cannot read properties of null (reading 'content')","method":"getGOGGame","url":"https://freegogpcgames.com/27390/fiendish-freddys-big-top-o-fun/"}
{"level":"error","message":"Cannot read properties of null (reading 'content')","method":"getGOGGame","url":"https://freegogpcgames.com/28463/filthy-us/"}
{"level":"error","message":"Cannot read properties of null (reading 'content')","method":"getGOGGame","url":"https://freegogpcgames.com/29163/firefrost/"}
{"level":"error","message":"Cannot read properties of null (reading 'content')","method":"getGOGGame","url":"https://freegogpcgames.com/29519/flake-the-legend-of-snowblind/"}
{"level":"error","message":"Cannot read properties of null (reading 'content')","method":"getGOGGame","url":"https://freegogpcgames.com/27862/fleet-defender-the-f-14-tomcat-simulation/"}
{"level":"error","message":"Cannot read properties of null (reading 'content')","method":"getGOGGame","url":"https://freegogpcgames.com/28372/fortunes-run/"}
{"level":"error","message":"Cannot read properties of null (reading 'content')","method":"getGOGGame","url":"https://freegogpcgames.com/29347/fort-solis/"}
{"level":"error","message":"Cannot read properties of null (reading 'content')","method":"getGOGGame","url":"https://freegogpcgames.com/27107/freight-tycoon-inc/"}
{"level":"error","message":"Cannot read properties of null (reading 'content')","method":"getGOGGame","url":"https://freegogpcgames.com/29327/frontier-hunter-erzas-wheel-of-fortune/"}
{"level":"error","message":"Cannot read properties of null (reading 'content')","method":"getGOGGame","url":"https://freegogpcgames.com/29688/front-mission-2-remake/"}
{"level":"error","message":"Cannot read properties of null (reading 'href')","method":"getGOGGame","url":"https://freegogpcgames.com/2833/34-frostpunk-free-download/"}
{"level":"error","message":"Cannot read properties of null (reading 'content')","method":"getGOGGame","url":"https://freegogpcgames.com/29418/frozenheim/"}
{"level":"error","message":"Cannot read properties of null (reading 'content')","method":"getGOGGame","url":"https://freegogpcgames.com/26461/funtasia/"}
{"level":"error","message":"Cannot read properties of null (reading 'content')","method":"getGOGGame","url":"https://freegogpcgames.com/28155/garagevamp/"}
{"level":"error","message":"Cannot read properties of null (reading 'content')","method":"getGOGGame","url":"https://freegogpcgames.com/28357/gargoyles-remastered/"}
{"level":"error","message":"Cannot read properties of null (reading 'content')","method":"getGOGGame","url":"https://freegogpcgames.com/29438/geneforge-2-infestation/"}
{"level":"error","message":"Cannot read properties of null (reading 'content')","method":"getGOGGame","url":"https://freegogpcgames.com/29662/gerda-a-flame-in-winter/"}
{"level":"error","message":"Cannot read properties of null (reading 'content')","method":"getGOGGame","url":"https://freegogpcgames.com/28816/goblins-of-elderstone/"}
{"level":"error","message":"Cannot read properties of null (reading 'content')","method":"getGOGGame","url":"https://freegogpcgames.com/26364/godstrike/"}
{"level":"error","message":"Cannot read properties of null (reading 'content')","method":"getGOGGame","url":"https://freegogpcgames.com/26966/golazo-2/"}
{"level":"error","message":"Cannot read properties of null (reading 'content')","method":"getGOGGame","url":"https://freegogpcgames.com/26807/goosebumps-the-game/"}
{"level":"error","message":"Cannot read properties of null (reading 'textContent')","method":"getGOGGame","url":"https://freegogpcgames.com/4435/u1-greedfall/"}
{"level":"error","message":"Cannot read properties of null (reading 'content')","method":"getGOGGame","url":"https://freegogpcgames.com/27356/greedventory/"}
{"level":"error","message":"Cannot read properties of null (reading 'content')","method":"getGOGGame","url":"https://freegogpcgames.com/28421/grim-nights/"}
{"level":"error","message":"Cannot read properties of null (reading 'content')","method":"getGOGGame","url":"https://freegogpcgames.com/28328/growth/"}
{"level":"error","message":"Cannot read properties of null (reading 'content')","method":"getGOGGame","url":"https://freegogpcgames.com/27912/gylt/"}
{"level":"error","message":"Cannot read properties of null (reading 'content')","method":"getGOGGame","url":"https://freegogpcgames.com/29646/harmony-the-fall-of-reverie/"}
{"level":"error","message":"Cannot read properties of null (reading 'content')","method":"getGOGGame","url":"https://freegogpcgames.com/28417/hauma-a-detective-noir-story/"}
{"level":"error","message":"Cannot read properties of null (reading 'content')","method":"getGOGGame","url":"https://freegogpcgames.com/28205/heal/"}
{"level":"error","message":"Cannot read properties of null (reading 'content')","method":"getGOGGame","url":"https://freegogpcgames.com/28221/heart-of-the-woods/"}
{"level":"error","message":"Cannot read properties of null (reading 'content')","method":"getGOGGame","url":"https://freegogpcgames.com/28236/heavy-rain/"}
{"level":"error","message":"Cannot read properties of null (reading 'content')","method":"getGOGGame","url":"https://freegogpcgames.com/27806/hentai-mosaique-fix-it-shoppe/"}
{"level":"error","message":"Cannot read properties of null (reading 'content')","method":"getGOGGame","url":"https://freegogpcgames.com/27808/hentai-mosaique-neko-waifus/"}
{"level":"error","message":"Cannot read properties of null (reading 'content')","method":"getGOGGame","url":"https://freegogpcgames.com/28208/heroes-of-spyria/"}
{"level":"error","message":"Cannot read properties of null (reading 'content')","method":"getGOGGame","url":"https://freegogpcgames.com/26466/heroines-of-swords-spells/"}
{"level":"error","message":"Cannot read properties of null (reading 'content')","method":"getGOGGame","url":"https://freegogpcgames.com/28291/heroines-quest-the-herald-of-ragnarok/"}
{"level":"error","message":"Cannot read properties of null (reading 'content')","method":"getGOGGame","url":"https://freegogpcgames.com/28274/hidden-through-time-2-myths-magic/"}
{"level":"error","message":"Cannot read properties of null (reading 'content')","method":"getGOGGame","url":"https://freegogpcgames.com/28307/highfleet/"}
{"level":"error","message":"Cannot read properties of null (reading 'content')","method":"getGOGGame","url":"https://freegogpcgames.com/28958/howl/"}
{"level":"error","message":"Cannot read properties of null (reading 'content')","method":"getGOGGame","url":"https://freegogpcgames.com/29451/immortal-mantis/"}
{"level":"error","message":"Cannot read properties of null (reading 'content')","method":"getGOGGame","url":"https://freegogpcgames.com/27743/inbento/"}
{"level":"error","message":"Cannot read properties of null (reading 'content')","method":"getGOGGame","url":"https://freegogpcgames.com/28198/incubus-a-ghost-hunters-tale/"}
{"level":"error","message":"Cannot read properties of null (reading 'content')","method":"getGOGGame","url":"https://freegogpcgames.com/29709/indika/"}
{"level":"error","message":"Cannot read properties of null (reading 'content')","method":"getGOGGame","url":"https://freegogpcgames.com/29489/inside-jennifer/"}
{"level":"error","message":"Cannot read properties of null (reading 'href')","method":"getGOGGame","url":"https://freegogpcgames.com/1018/invisible-inc-contingency-plan/"}
{"level":"error","message":"Cannot read properties of null (reading 'content')","method":"getGOGGame","url":"https://freegogpcgames.com/27931/in-verbis-virtus/"}
{"level":"error","message":"Cannot read properties of null (reading 'content')","method":"getGOGGame","url":"https://freegogpcgames.com/28276/iron-dungeon/"}
{"level":"error","message":"Cannot read properties of null (reading 'content')","method":"getGOGGame","url":"https://freegogpcgames.com/28739/ixion/"}
{"level":"error","message":"Cannot read properties of null (reading 'content')","method":"getGOGGame","url":"https://freegogpcgames.com/27095/i-was-a-teenage-exocolonist/"}
{"level":"error","message":"Cannot read properties of null (reading 'content')","method":"getGOGGame","url":"https://freegogpcgames.com/28296/jack-orlando-a-cinematic-adventure-directors-cut/"}
{"level":"error","message":"Cannot read properties of null (reading 'content')","method":"getGOGGame","url":"https://freegogpcgames.com/26327/jetboard-joust/"}
{"level":"error","message":"Cannot read properties of null (reading 'href')","method":"getGOGGame","url":"https://freegogpcgames.com/4121/kentucky-route-zero-season-pass/"}
{"level":"error","message":"Cannot read properties of null (reading 'href')","method":"getGOGGame","url":"https://freegogpcgames.com/230/2-kingdom/"}
{"level":"error","message":"Cannot read properties of null (reading 'href')","method":"getGOGGame","url":"https://freegogpcgames.com/2600/1-kingdom-come-deliverance/"}
{"level":"error","message":"Cannot read properties of null (reading 'href')","method":"getGOGGame","url":"https://freegogpcgames.com/2840/1-kingdom-come-deliverance-from-the-ashes/"}
{"level":"error","message":"Cannot read properties of null (reading 'content')","method":"getGOGGame","url":"https://freegogpcgames.com/29470/kingsway/"}
{"level":"error","message":"Cannot read properties of null (reading 'content')","method":"getGOGGame","url":"https://freegogpcgames.com/26454/kirakira-stars-idol-project-set/"}
{"level":"error","message":"Cannot read properties of null (reading 'content')","method":"getGOGGame","url":"https://freegogpcgames.com/29671/kunado-chronicles/"}
{"level":"error","message":"Cannot read properties of null (reading 'content')","method":"getGOGGame","url":"https://freegogpcgames.com/28192/kyle-is-famous-complete-edition/"}
{"level":"error","message":"Cannot read properties of null (reading 'content')","method":"getGOGGame","url":"https://freegogpcgames.com/29512/last-hope-bunker-zombie-survival/"}
{"level":"error","message":"Cannot read properties of null (reading 'content')","method":"getGOGGame","url":"https://freegogpcgames.com/28069/last-labyrinth/"}
{"level":"error","message":"Cannot read properties of null (reading 'href')","method":"getGOGGame","url":"https://freegogpcgames.com/1243/1-layers-of-fear-inheritance/"}
{"level":"error","message":"Cannot read properties of null (reading 'content')","method":"getGOGGame","url":"https://freegogpcgames.com/28888/lazy-galaxy/"}
{"level":"error","message":"Cannot read properties of null (reading 'content')","method":"getGOGGame","url":"https://freegogpcgames.com/28157/lempo/"}
{"level":"error","message":"Cannot read properties of null (reading 'content')","method":"getGOGGame","url":"https://freegogpcgames.com/26356/life-of-delta/"}
{"level":"error","message":"Cannot read properties of null (reading 'content')","method":"getGOGGame","url":"https://freegogpcgames.com/29677/liminal-border-part-i/"}
{"level":"error","message":"Cannot read properties of null (reading 'content')","method":"getGOGGame","url":"https://freegogpcgames.com/29679/liminal-border-part-ii/"}
{"level":"error","message":"Cannot read properties of null (reading 'content')","method":"getGOGGame","url":"https://freegogpcgames.com/29411/llamasoft-the-jeff-minter-story/"}
{"level":"error","message":"Cannot read properties of null (reading 'content')","method":"getGOGGame","url":"https://freegogpcgames.com/28374/long-and-hard-summer/"}
{"level":"error","message":"Cannot read properties of null (reading 'content')","method":"getGOGGame","url":"https://freegogpcgames.com/28200/love-and-enchants/"}
{"level":"error","message":"Cannot read properties of null (reading 'content')","method":"getGOGGame","url":"https://freegogpcgames.com/28988/love-n-life-lucky-teacher/"}
{"level":"error","message":"Cannot read properties of null (reading 'content')","method":"getGOGGame","url":"https://freegogpcgames.com/27695/love-on-leave/"}
{"level":"error","message":"Cannot read properties of null (reading 'content')","method":"getGOGGame","url":"https://freegogpcgames.com/28177/love-sex-second-base/"}
{"level":"error","message":"Cannot read properties of null (reading 'content')","method":"getGOGGame","url":"https://freegogpcgames.com/28881/lunas-fishing-garden/"}
{"level":"error","message":"Cannot read properties of null (reading 'content')","method":"getGOGGame","url":"https://freegogpcgames.com/29715/lustyverse-passion-on-display/"}
{"level":"error","message":"Cannot read properties of null (reading 'content')","method":"getGOGGame","url":"https://freegogpcgames.com/26990/lust-epidemic/"}
{"level":"error","message":"Cannot read properties of null (reading 'content')","method":"getGOGGame","url":"https://freegogpcgames.com/29004/lust-from-beyond/"}
{"level":"error","message":"Cannot read properties of null (reading 'content')","method":"getGOGGame","url":"https://freegogpcgames.com/27998/lynn-the-girl-drawn-on-puzzles/"}
{"level":"error","message":"Cannot read properties of null (reading 'content')","method":"getGOGGame","url":"https://freegogpcgames.com/27780/magical-drop-vi/"}
{"level":"error","message":"Cannot read properties of null (reading 'content')","method":"getGOGGame","url":"https://freegogpcgames.com/28635/march-of-shrooms/"}
{"level":"error","message":"Cannot read properties of null (reading 'content')","method":"getGOGGame","url":"https://freegogpcgames.com/26330/mars-base/"}
{"level":"error","message":"Cannot read properties of null (reading 'content')","method":"getGOGGame","url":"https://freegogpcgames.com/29698/master-magistrate/"}
{"level":"error","message":"Cannot read properties of null (reading 'content')","method":"getGOGGame","url":"https://freegogpcgames.com/28885/merchant-of-the-skies/"}
{"level":"error","message":"Cannot read properties of null (reading 'content')","method":"getGOGGame","url":"https://freegogpcgames.com/29703/meteoheroes/"}
{"level":"error","message":"Cannot read properties of null (reading 'content')","method":"getGOGGame","url":"https://freegogpcgames.com/28509/metro-simulator/"}
{"level":"error","message":"Cannot read properties of null (reading 'content')","method":"getGOGGame","url":"https://freegogpcgames.com/28511/metro-simulator-2/"}
{"level":"error","message":"Cannot read properties of null (reading 'content')","method":"getGOGGame","url":"https://freegogpcgames.com/26411/midnight-scenes-episode-2/"}
{"level":"error","message":"Cannot read properties of null (reading 'content')","method":"getGOGGame","url":"https://freegogpcgames.com/26757/midnight-scenes-from-the-woods/"}
{"level":"error","message":"Cannot read properties of null (reading 'content')","method":"getGOGGame","url":"https://freegogpcgames.com/26409/midnight-scenes-the-highway/"}
{"level":"error","message":"Cannot read properties of null (reading 'content')","method":"getGOGGame","url":"https://freegogpcgames.com/26636/midnight-scenes-the-nanny/"}
{"level":"error","message":"Cannot read properties of null (reading 'content')","method":"getGOGGame","url":"https://freegogpcgames.com/26939/mokoko-x/"}
{"level":"error","message":"Cannot read properties of null (reading 'content')","method":"getGOGGame","url":"https://freegogpcgames.com/26334/monorail-stories/"}
{"level":"error","message":"Cannot read properties of null (reading 'content')","method":"getGOGGame","url":"https://freegogpcgames.com/27364/monster-tribe/"}
{"level":"error","message":"Cannot read properties of null (reading 'content')","method":"getGOGGame","url":"https://freegogpcgames.com/29233/moons-of-ardan/"}
{"level":"error","message":"Cannot read properties of null (reading 'content')","method":"getGOGGame","url":"https://freegogpcgames.com/29461/motesolo-no-girlfriend-since-birth/"}
{"level":"error","message":"Cannot read properties of null (reading 'content')","method":"getGOGGame","url":"https://freegogpcgames.com/28666/mothmen-1966/"}
{"level":"error","message":"Cannot read properties of null (reading 'content')","method":"getGOGGame","url":"https://freegogpcgames.com/28105/murderous-muses/"}
{"level":"error","message":"Cannot read properties of null (reading 'content')","method":"getGOGGame","url":"https://freegogpcgames.com/29032/murder-is-game-over-deal-killer/"}
{"level":"error","message":"Cannot read properties of null (reading 'content')","method":"getGOGGame","url":"https://freegogpcgames.com/29173/my-lovely-daughter/"}
{"level":"error","message":"Cannot read properties of null (reading 'content')","method":"getGOGGame","url":"https://freegogpcgames.com/29175/my-lovely-wife/"}
{"level":"error","message":"Cannot read properties of null (reading 'content')","method":"getGOGGame","url":"https://freegogpcgames.com/27842/necrodome/"}
{"level":"error","message":"Cannot read properties of null (reading 'content')","method":"getGOGGame","url":"https://freegogpcgames.com/29421/necrosmith-2/"}
{"level":"error","message":"Cannot read properties of null (reading 'content')","method":"getGOGGame","url":"https://freegogpcgames.com/28282/neptunia-sisters-vs-sisters/"}
{"level":"error","message":"Cannot read properties of null (reading 'content')","method":"getGOGGame","url":"https://freegogpcgames.com/29467/night-loops/"}
{"level":"error","message":"Cannot read properties of null (reading 'content')","method":"getGOGGame","url":"https://freegogpcgames.com/29546/noch/"}
{"level":"error","message":"Cannot read properties of null (reading 'content')","method":"getGOGGame","url":"https://freegogpcgames.com/27570/nocturnal/"}
{"level":"error","message":"Cannot read properties of null (reading 'content')","method":"getGOGGame","url":"https://freegogpcgames.com/27851/noob-the-factionless/"}
{"level":"error","message":"Cannot read properties of null (reading 'content')","method":"getGOGGame","url":"https://freegogpcgames.com/28981/not-another-weekend/"}
{"level":"error","message":"Cannot read properties of null (reading 'content')","method":"getGOGGame","url":"https://freegogpcgames.com/28075/no-ghost-in-stay-home/"}
{"level":"error","message":"Cannot read properties of null (reading 'content')","method":"getGOGGame","url":"https://freegogpcgames.com/29366/no-more-snow/"}
{"level":"error","message":"Cannot read properties of null (reading 'content')","method":"getGOGGame","url":"https://freegogpcgames.com/28159/no-son-of-mine/"}
{"level":"error","message":"Cannot read properties of null (reading 'content')","method":"getGOGGame","url":"https://freegogpcgames.com/29503/nukitashi/"}
{"level":"error","message":"Cannot read properties of null (reading 'content')","method":"getGOGGame","url":"https://freegogpcgames.com/29506/nukitashi-2/"}
{"level":"error","message":"Cannot read properties of null (reading 'content')","method":"getGOGGame","url":"https://freegogpcgames.com/29257/one-night-stand/"}
{"level":"error","message":"Cannot read properties of null (reading 'content')","method":"getGOGGame","url":"https://freegogpcgames.com/29517/one/"}
{"level":"error","message":"Cannot read properties of null (reading 'content')","method":"getGOGGame","url":"https://freegogpcgames.com/29331/otherwar/"}
{"level":"error","message":"Cannot read properties of null (reading 'content')","method":"getGOGGame","url":"https://freegogpcgames.com/29127/otxo/"}
{"level":"error","message":"Cannot read properties of null (reading 'href')","method":"getGOGGame","url":"https://freegogpcgames.com/1873/u1-outlast-whistleblower/"}
{"level":"error","message":"Cannot read properties of null (reading 'content')","method":"getGOGGame","url":"https://freegogpcgames.com/26822/outshine/"}
{"level":"error","message":"Cannot read properties of null (reading 'content')","method":"getGOGGame","url":"https://freegogpcgames.com/28524/oxygen-cocktail/"}
{"level":"error","message":"Cannot read properties of null (reading 'content')","method":"getGOGGame","url":"https://freegogpcgames.com/29333/pandemic-train/"}
{"level":"error","message":"Cannot read properties of null (reading 'content')","method":"getGOGGame","url":"https://freegogpcgames.com/29292/paperball/"}
{"level":"error","message":"Cannot read properties of null (reading 'content')","method":"getGOGGame","url":"https://freegogpcgames.com/28742/paranoid/"}
{"level":"error","message":"Cannot read properties of null (reading 'content')","method":"getGOGGame","url":"https://freegogpcgames.com/28712/perfect-tides/"}
{"level":"error","message":"Cannot read properties of null (reading 'content')","method":"getGOGGame","url":"https://freegogpcgames.com/26941/pieces-of-my-heart/"}
{"level":"error","message":"Cannot read properties of null (reading 'href')","method":"getGOGGame","url":"https://freegogpcgames.com/1151/pillars-of-eternity-royal-edition/"}
{"level":"error","message":"Cannot read properties of null (reading 'content')","method":"getGOGGame","url":"https://freegogpcgames.com/27938/pixel-town-akanemachi-mystery-2/"}
{"level":"error","message":"Cannot read properties of null (reading 'content')","method":"getGOGGame","url":"https://freegogpcgames.com/26489/plebby-quest-the-crusades/"}
{"level":"error","message":"Cannot read properties of null (reading 'content')","method":"getGOGGame","url":"https://freegogpcgames.com/29040/powerslide/"}
{"level":"error","message":"Cannot read properties of null (reading 'content')","method":"getGOGGame","url":"https://freegogpcgames.com/28284/pray-game/"}
{"level":"error","message":"Cannot read properties of null (reading 'content')","method":"getGOGGame","url":"https://freegogpcgames.com/28592/princess-of-zeven/"}
{"level":"error","message":"Cannot read properties of null (reading 'content')","method":"getGOGGame","url":"https://freegogpcgames.com/27943/probo-rush/"}
{"level":"error","message":"Cannot read properties of null (reading 'content')","method":"getGOGGame","url":"https://freegogpcgames.com/27007/project-nightmares-case-36-henrietta-kedward/"}
{"level":"error","message":"Cannot read properties of null (reading 'content')","method":"getGOGGame","url":"https://freegogpcgames.com/27716/qomp/"}
{"level":"error","message":"Cannot read properties of null (reading 'content')","method":"getGOGGame","url":"https://freegogpcgames.com/29743/racine/"}
{"level":"error","message":"Cannot read properties of null (reading 'href')","method":"getGOGGame","url":"https://freegogpcgames.com/2812/2-railway-empire-mexico-free-download/"}
{"level":"error","message":"Cannot read properties of null (reading 'content')","method":"getGOGGame","url":"https://freegogpcgames.com/29430/raimodula/"}
{"level":"error","message":"Cannot read properties of null (reading 'content')","method":"getGOGGame","url":"https://freegogpcgames.com/29622/ready-steady-ship/"}
{"level":"error","message":"Cannot read properties of null (reading 'content')","method":"getGOGGame","url":"https://freegogpcgames.com/28719/realms-of-arkania-blade-of-destiny-remake/"}
{"level":"error","message":"Cannot read properties of null (reading 'content')","method":"getGOGGame","url":"https://freegogpcgames.com/27350/realms-of-chaos/"}
{"level":"error","message":"Cannot read properties of null (reading 'content')","method":"getGOGGame","url":"https://freegogpcgames.com/27786/relic-hunters-zero-remix/"}
{"level":"error","message":"Cannot read properties of null (reading 'content')","method":"getGOGGame","url":"https://freegogpcgames.com/29377/reveil/"}
{"level":"error","message":"Cannot read properties of null (reading 'content')","method":"getGOGGame","url":"https://freegogpcgames.com/28603/reverie-sweet-as-edition/"}
{"level":"error","message":"Cannot read properties of null (reading 'content')","method":"getGOGGame","url":"https://freegogpcgames.com/29556/revival-recolonization/"}
{"level":"error","message":"Cannot read properties of null (reading 'content')","method":"getGOGGame","url":"https://freegogpcgames.com/27726/ringlorn-saga/"}
{"level":"error","message":"Cannot read properties of null (reading 'content')","method":"getGOGGame","url":"https://freegogpcgames.com/29289/roboplant/"}
{"level":"error","message":"Cannot read properties of null (reading 'content')","method":"getGOGGame","url":"https://freegogpcgames.com/26306/rough-justice-84/"}
{"level":"error","message":"Cannot read properties of null (reading 'content')","method":"getGOGGame","url":"https://freegogpcgames.com/27046/royal-merchant/"}
{"level":"error","message":"Cannot read properties of null (reading 'content')","method":"getGOGGame","url":"https://freegogpcgames.com/26336/ruin-raiders/"}
{"level":"error","message":"Cannot read properties of null (reading 'content')","method":"getGOGGame","url":"https://freegogpcgames.com/29592/sagres/"}
{"level":"error","message":"Cannot read properties of null (reading 'content')","method":"getGOGGame","url":"https://freegogpcgames.com/29700/salthe/"}
{"level":"error","message":"Cannot read properties of null (reading 'content')","method":"getGOGGame","url":"https://freegogpcgames.com/26908/save-me-mr-tako/"}
{"level":"error","message":"Cannot read properties of null (reading 'content')","method":"getGOGGame","url":"https://freegogpcgames.com/29463/saviorless/"}
{"level":"error","message":"Cannot read properties of null (reading 'content')","method":"getGOGGame","url":"https://freegogpcgames.com/28581/sclash/"}
{"level":"error","message":"Cannot read properties of null (reading 'href')","method":"getGOGGame","url":"https://freegogpcgames.com/1561/shadow-warrior-2/"}
{"level":"error","message":"Cannot read properties of null (reading 'content')","method":"getGOGGame","url":"https://freegogpcgames.com/28773/shining-song-starnova/"}
{"level":"error","message":"Cannot read properties of null (reading 'content')","method":"getGOGGame","url":"https://freegogpcgames.com/29179/simulacra-3/"}
{"level":"error","message":"Cannot read properties of null (reading 'content')","method":"getGOGGame","url":"https://freegogpcgames.com/28287/sinsations/"}
{"level":"error","message":"Cannot read properties of null (reading 'content')","method":"getGOGGame","url":"https://freegogpcgames.com/27859/skydrift-infinity/"}
{"level":"error","message":"Cannot read properties of null (reading 'content')","method":"getGOGGame","url":"https://freegogpcgames.com/26824/sky-haven-tycoon-airport-simulator/"}
{"level":"error","message":"Cannot read properties of null (reading 'href')","method":"getGOGGame","url":"https://freegogpcgames.com/586/slain/"}
{"level":"error","message":"Cannot read properties of null (reading 'content')","method":"getGOGGame","url":"https://freegogpcgames.com/27753/sludge-life-2/"}
{"level":"error","message":"Cannot read properties of null (reading 'textContent')","method":"getGOGGame","url":"https://freegogpcgames.com/4251/sniper-ghost-warrior/"}
{"level":"error","message":"Cannot read properties of null (reading 'content')","method":"getGOGGame","url":"https://freegogpcgames.com/29188/sos-ops/"}
{"level":"error","message":"Cannot read properties of null (reading 'content')","method":"getGOGGame","url":"https://freegogpcgames.com/28674/space-warlord-organ-trading-simulator/"}
{"level":"error","message":"Cannot read properties of null (reading 'href')","method":"getGOGGame","url":"https://freegogpcgames.com/1128/1-spellforce-2-dragon-storm/"}
{"level":"error","message":"Cannot read properties of null (reading 'href')","method":"getGOGGame","url":"https://freegogpcgames.com/1126/1-spellforce-2-shadow-wars/"}
{"level":"error","message":"Cannot read properties of null (reading 'content')","method":"getGOGGame","url":"https://freegogpcgames.com/28983/spells-secrets/"}
{"level":"error","message":"Cannot read properties of null (reading 'content')","method":"getGOGGame","url":"https://freegogpcgames.com/27790/spiral-dystopia/"}
{"level":"error","message":"Cannot read properties of null (reading 'content')","method":"getGOGGame","url":"https://freegogpcgames.com/28085/starshifter/"}
{"level":"error","message":"Cannot read properties of null (reading 'content')","method":"getGOGGame","url":"https://freegogpcgames.com/27893/star-general/"}
{"level":"error","message":"Cannot read properties of null (reading 'content')","method":"getGOGGame","url":"https://freegogpcgames.com/29218/star-wars-dark-forces-remaster/"}
{"level":"error","message":"Cannot read properties of null (reading 'content')","method":"getGOGGame","url":"https://freegogpcgames.com/29413/stories-from-the-outbreak/"}
{"level":"error","message":"Cannot read properties of null (reading 'content')","method":"getGOGGame","url":"https://freegogpcgames.com/28505/stray-souls/"}
{"level":"error","message":"Cannot read properties of null (reading 'content')","method":"getGOGGame","url":"https://freegogpcgames.com/27881/strike-commander/"}
{"level":"error","message":"Cannot read properties of null (reading 'href')","method":"getGOGGame","url":"https://freegogpcgames.com/824/sublevel-zero/"}
{"level":"error","message":"Cannot read properties of null (reading 'content')","method":"getGOGGame","url":"https://freegogpcgames.com/26452/succuseka-resist-succubus-temptation/"}
{"level":"error","message":"Cannot read properties of null (reading 'content')","method":"getGOGGame","url":"https://freegogpcgames.com/26889/suffer-the-night/"}
{"level":"error","message":"Cannot read properties of null (reading 'href')","method":"getGOGGame","url":"https://freegogpcgames.com/2933/sunless-sea-zubmariner/"}
{"level":"error","message":"Cannot read properties of null (reading 'content')","method":"getGOGGame","url":"https://freegogpcgames.com/26399/surviving-the-aftermath/"}
{"level":"error","message":"Cannot read properties of null (reading 'content')","method":"getGOGGame","url":"https://freegogpcgames.com/26697/switchball-hd/"}
{"level":"error","message":"Cannot read properties of null (reading 'content')","method":"getGOGGame","url":"https://freegogpcgames.com/29683/tad-the-lost-explorer/"}
{"level":"error","message":"Cannot read properties of null (reading 'content')","method":"getGOGGame","url":"https://freegogpcgames.com/27776/take-no-prisoners/"}
{"level":"error","message":"Cannot read properties of null (reading 'content')","method":"getGOGGame","url":"https://freegogpcgames.com/29705/tales-from-candleforth/"}
{"level":"error","message":"Cannot read properties of null (reading 'content')","method":"getGOGGame","url":"https://freegogpcgames.com/28562/tales-from-the-unending-void-season-1/"}
{"level":"error","message":"Cannot read properties of null (reading 'content')","method":"getGOGGame","url":"https://freegogpcgames.com/29722/tamayura-mirai/"}
{"level":"error","message":"Cannot read properties of null (reading 'content')","method":"getGOGGame","url":"https://freegogpcgames.com/28242/tavernacle/"}
{"level":"error","message":"Cannot read properties of null (reading 'content')","method":"getGOGGame","url":"https://freegogpcgames.com/29125/tcheco-in-the-castle-of-lucio/"}
{"level":"error","message":"Cannot read properties of null (reading 'content')","method":"getGOGGame","url":"https://freegogpcgames.com/29279/terror-at-oakheart/"}
{"level":"error","message":"Cannot read properties of null (reading 'content')","method":"getGOGGame","url":"https://freegogpcgames.com/26380/the-backrooms-1998-found-footage-survival-horror-game/"}
{"level":"error","message":"Cannot read properties of null (reading 'content')","method":"getGOGGame","url":"https://freegogpcgames.com/29142/the-bards-tale-arpg-remastered-and-resnarkled/"}
{"level":"error","message":"Cannot read properties of null (reading 'content')","method":"getGOGGame","url":"https://freegogpcgames.com/28944/the-bards-tale-iv-directors-cut/"}
{"level":"error","message":"Cannot read properties of null (reading 'content')","method":"getGOGGame","url":"https://freegogpcgames.com/27699/the-bookwalker-thief-of-tales/"}
{"level":"error","message":"Cannot read properties of null (reading 'content')","method":"getGOGGame","url":"https://freegogpcgames.com/27873/the-cave/"}
{"level":"error","message":"Cannot read properties of null (reading 'content')","method":"getGOGGame","url":"https://freegogpcgames.com/29724/the-chant/"}
{"level":"error","message":"Cannot read properties of null (reading 'content')","method":"getGOGGame","url":"https://freegogpcgames.com/26393/the-curse-of-kubel/"}
{"level":"error","message":"Cannot read properties of null (reading 'content')","method":"getGOGGame","url":"https://freegogpcgames.com/29055/the-expanse-a-telltale-series/"}
{"level":"error","message":"Cannot read properties of null (reading 'content')","method":"getGOGGame","url":"https://freegogpcgames.com/28289/the-fall-of-the-dungeon-guardians-enhanced-edition/"}
{"level":"error","message":"Cannot read properties of null (reading 'content')","method":"getGOGGame","url":"https://freegogpcgames.com/28359/the-gap/"}
{"level":"error","message":"Cannot read properties of null (reading 'content')","method":"getGOGGame","url":"https://freegogpcgames.com/28164/the-hive/"}
{"level":"error","message":"Cannot read properties of null (reading 'content')","method":"getGOGGame","url":"https://freegogpcgames.com/28529/the-kindeman-remedy/"}
{"level":"error","message":"Cannot read properties of null (reading 'content')","method":"getGOGGame","url":"https://freegogpcgames.com/28305/the-legend-of-nayuta-boundless-trails/"}
{"level":"error","message":"Cannot read properties of null (reading 'content')","method":"getGOGGame","url":"https://freegogpcgames.com/29181/the-legend-of-tianding/"}
{"level":"error","message":"Cannot read properties of null (reading 'content')","method":"getGOGGame","url":"https://freegogpcgames.com/26881/the-librarian/"}
{"level":"error","message":"Cannot read properties of null (reading 'content')","method":"getGOGGame","url":"https://freegogpcgames.com/29696/the-lullaby-of-life/"}
{"level":"error","message":"Cannot read properties of null (reading 'content')","method":"getGOGGame","url":"https://freegogpcgames.com/28092/the-making-of-karateka/"}
{"level":"error","message":"Cannot read properties of null (reading 'content')","method":"getGOGGame","url":"https://freegogpcgames.com/29171/the-mystery-of-woolley-mountain/"}
{"level":"error","message":"Cannot read properties of null (reading 'content')","method":"getGOGGame","url":"https://freegogpcgames.com/28185/the-rewinder/"}
{"level":"error","message":"Cannot read properties of null (reading 'content')","method":"getGOGGame","url":"https://freegogpcgames.com/29651/the-shell-part-ii-purgatorio/"}
{"level":"error","message":"Cannot read properties of null (reading 'content')","method":"getGOGGame","url":"https://freegogpcgames.com/29648/the-shell-part-i-inferno/"}
{"level":"error","message":"Cannot read properties of null (reading 'content')","method":"getGOGGame","url":"https://freegogpcgames.com/27818/the-summoning/"}
{"level":"error","message":"Cannot read properties of null (reading 'content')","method":"getGOGGame","url":"https://freegogpcgames.com/26630/the-whisperer/"}
{"level":"error","message":"Cannot read properties of null (reading 'content')","method":"getGOGGame","url":"https://freegogpcgames.com/26652/the-whispering-valley/"}
{"level":"error","message":"Cannot read properties of null (reading 'content')","method":"getGOGGame","url":"https://freegogpcgames.com/28664/the-will-of-arthur-flabbington/"}
{"level":"error","message":"Cannot read properties of null (reading 'textContent')","method":"getGOGGame","url":"https://freegogpcgames.com/1/30-the-witcher-3-wild-hunt/"}
{"level":"error","message":"Cannot read properties of null (reading 'textContent')","method":"getGOGGame","url":"https://freegogpcgames.com/1292/13-the-witcher-3-wild-hunt-blood-and-wine-free-download/"}
{"level":"error","message":"Cannot read properties of null (reading 'href')","method":"getGOGGame","url":"https://freegogpcgames.com/1290/16-the-witcher-3-wild-hunt-hearts-of-stone/"}
{"level":"error","message":"Cannot read properties of null (reading 'content')","method":"getGOGGame","url":"https://freegogpcgames.com/26343/the-wraith-of-the-galaxy/"}
{"level":"error","message":"Cannot read properties of null (reading 'href')","method":"getGOGGame","url":"https://freegogpcgames.com/9271/the-7th-circle-endless-nightmare/"}
{"level":"error","message":"Cannot read properties of null (reading 'href')","method":"getGOGGame","url":"https://freegogpcgames.com/1053/11-this-war-of-mine-the-little-ones/"}
{"level":"error","message":"Cannot read properties of null (reading 'content')","method":"getGOGGame","url":"https://freegogpcgames.com/28749/tools-up/"}
{"level":"error","message":"Cannot read properties of null (reading 'content')","method":"getGOGGame","url":"https://freegogpcgames.com/28654/trail-out/"}
{"level":"error","message":"Cannot read properties of null (reading 'content')","method":"getGOGGame","url":"https://freegogpcgames.com/26992/treasure-of-nadia/"}
{"level":"error","message":"Cannot read properties of null (reading 'content')","method":"getGOGGame","url":"https://freegogpcgames.com/27947/trenches-world-war-1-horror-survival-game/"}
{"level":"error","message":"Cannot read properties of null (reading 'href')","method":"getGOGGame","url":"https://freegogpcgames.com/5117/true-fear-forsaken-souls-part-2/"}
{"level":"error","message":"Cannot read properties of null (reading 'content')","method":"getGOGGame","url":"https://freegogpcgames.com/27533/turing-complete/"}
{"level":"error","message":"Cannot read properties of null (reading 'content')","method":"getGOGGame","url":"https://freegogpcgames.com/28698/ultimate-anime-jigsaw-puzzle/"}
{"level":"error","message":"Cannot read properties of null (reading 'content')","method":"getGOGGame","url":"https://freegogpcgames.com/28376/ultimate-ski-jumping-2020/"}
{"level":"error","message":"Cannot read properties of null (reading 'href')","method":"getGOGGame","url":"https://freegogpcgames.com/2434/ultima-123/"}
{"level":"error","message":"Cannot read properties of null (reading 'content')","method":"getGOGGame","url":"https://freegogpcgames.com/28324/underground-blossom/"}
{"level":"error","message":"Cannot read properties of null (reading 'content')","method":"getGOGGame","url":"https://freegogpcgames.com/29665/underspace/"}
{"level":"error","message":"Cannot read properties of null (reading 'content')","method":"getGOGGame","url":"https://freegogpcgames.com/28174/unheard-voices-of-crime/"}
{"level":"error","message":"Cannot read properties of null (reading 'content')","method":"getGOGGame","url":"https://freegogpcgames.com/26638/uninvited/"}
{"level":"error","message":"Cannot read properties of null (reading 'content')","method":"getGOGGame","url":"https://freegogpcgames.com/29283/unloop/"}
{"level":"error","message":"Cannot read properties of null (reading 'content')","method":"getGOGGame","url":"https://freegogpcgames.com/26471/unsouled/"}
{"level":"error","message":"Cannot read properties of null (reading 'content')","method":"getGOGGame","url":"https://freegogpcgames.com/28118/untamed-tactics/"}
{"level":"error","message":"Cannot read properties of null (reading 'content')","method":"getGOGGame","url":"https://freegogpcgames.com/29025/valfaris-mecha-therion/"}
{"level":"error","message":"Cannot read properties of null (reading 'content')","method":"getGOGGame","url":"https://freegogpcgames.com/29190/varney-lake/"}
{"level":"error","message":"Cannot read properties of null (reading 'content')","method":"getGOGGame","url":"https://freegogpcgames.com/28671/vengeful-guardian-moonrider/"}
{"level":"error","message":"Cannot read properties of null (reading 'content')","method":"getGOGGame","url":"https://freegogpcgames.com/28398/virtual-maid-streamer-ramie/"}
{"level":"error","message":"Cannot read properties of null (reading 'content')","method":"getGOGGame","url":"https://freegogpcgames.com/28355/vlad-circus-descend-into-madness/"}
{"level":"error","message":"Cannot read properties of null (reading 'content')","method":"getGOGGame","url":"https://freegogpcgames.com/26632/void-prison/"}
{"level":"error","message":"Cannot read properties of null (reading 'content')","method":"getGOGGame","url":"https://freegogpcgames.com/28700/warbreeds/"}
{"level":"error","message":"Cannot read properties of null (reading 'content')","method":"getGOGGame","url":"https://freegogpcgames.com/28640/warhammer-40000-boltgun/"}
{"level":"error","message":"Cannot read properties of null (reading 'content')","method":"getGOGGame","url":"https://freegogpcgames.com/27445/warhammer-40000-dawn-of-war-master-collection/"}
{"level":"error","message":"Cannot read properties of null (reading 'content')","method":"getGOGGame","url":"https://freegogpcgames.com/27788/watch-over-christmas/"}
{"level":"error","message":"Cannot read properties of null (reading 'content')","method":"getGOGGame","url":"https://freegogpcgames.com/29525/we-are-not-alone/"}
{"level":"error","message":"Cannot read properties of null (reading 'content')","method":"getGOGGame","url":"https://freegogpcgames.com/28343/windy-meadow-a-roadwarden-tale/"}
{"level":"error","message":"Cannot read properties of null (reading 'content')","method":"getGOGGame","url":"https://freegogpcgames.com/27371/witchcrafty/"}
{"level":"error","message":"Cannot read properties of null (reading 'content')","method":"getGOGGame","url":"https://freegogpcgames.com/28752/witchs-rhythm-puzzle/"}
{"level":"error","message":"Cannot read properties of null (reading 'content')","method":"getGOGGame","url":"https://freegogpcgames.com/23317/wolfenstein-enemy-territory/"}
{"level":"error","message":"Cannot read properties of null (reading 'content')","method":"getGOGGame","url":"https://freegogpcgames.com/29653/wrestlequest/"}
{"level":"error","message":"Cannot read properties of null (reading 'content')","method":"getGOGGame","url":"https://freegogpcgames.com/29192/zapper-one-wicked-cricket/"}
{"level":"error","message":"Cannot read properties of null (reading 'content')","method":"getGOGGame","url":"https://freegogpcgames.com/27975/zero-chastity-a-sultry-summer-holiday/"}
{"level":"error","message":"Cannot read properties of null (reading 'content')","method":"getGOGGame","url":"https://freegogpcgames.com/27404/40-winks/"}
